
> docomator@0.1.0-alpha.0 check
> npm run clean && npm run build && npm run test && npm run check:docs && npm run check:shell && npm run check:ui && npm run check:language


> docomator@0.1.0-alpha.0 clean
> node scripts/ci/clean.mjs


> docomator@0.1.0-alpha.0 build
> npm run build -w @docomator/contracts && npm run build -w @docomator/config && npm run build -w @docomator/storage && npm run build -w @docomator/document-intake && npm run build -w @docomator/api && npm run build -w @docomator/worker


> @docomator/contracts@0.1.0-alpha.0 build
> tsc -p tsconfig.json


> @docomator/config@0.1.0-alpha.0 build
> tsc -p tsconfig.json


> @docomator/storage@0.1.0-alpha.0 build
> tsc -p tsconfig.json


> @docomator/document-intake@0.1.0-alpha.0 build
> tsc -p tsconfig.json


> @docomator/api@0.1.0-alpha.0 build
> tsc -p tsconfig.json


> @docomator/worker@0.1.0-alpha.0 build
> tsc -p tsconfig.json


> docomator@0.1.0-alpha.0 test
> npm run test -w @docomator/contracts && npm run test -w @docomator/config && npm run test -w @docomator/storage && npm run test -w @docomator/document-intake && npm run test -w @docomator/api && npm run test -w @docomator/worker && node --test scripts/runtime/*.test.mjs


> @docomator/contracts@0.1.0-alpha.0 test
> node --test dist/*.test.js

✔ service contract contains the bootstrap processes (1.441634ms)
ℹ tests 1
ℹ suites 0
ℹ pass 1
ℹ fail 0
ℹ cancelled 0
ℹ skipped 0
ℹ todo 0
ℹ duration_ms 90.52353

> @docomator/config@0.1.0-alpha.0 test
> node --test dist/*.test.js

✔ api config applies safe defaults (1.061329ms)
✔ invalid ports are rejected (0.408868ms)
✔ worker queue timings and identity are configurable (0.243332ms)
✔ worker retry range must be coherent (0.18153ms)
ℹ tests 4
ℹ suites 0
ℹ pass 4
ℹ fail 0
ℹ cancelled 0
ℹ skipped 0
ℹ todo 0
ℹ duration_ms 62.323991

> @docomator/storage@0.1.0-alpha.0 test
> node --test dist/*.test.js

✔ two worker connections cannot own the same active lease (403.581547ms)
✔ transactions commit, roll back and isolate nested savepoints (231.741773ms)
✔ asynchronous transaction callbacks are rejected (0.428728ms)
✔ knowledge mutations append outbox and audit records atomically (416.421808ms)
✔ property scope and enum validation are enforced before mutation (234.352546ms)
✔ stable keys are unique and invalid keys are rejected (202.009664ms)
✔ business mutation, outbox event and audit share one transaction (175.851888ms)
✔ outbox append is idempotent and rejects conflicting reuse (241.541085ms)
✔ outbox leases provide at-least-once retry and dead-letter semantics (203.010939ms)
✔ outbox retry delay and publish acknowledgement are persisted (133.962364ms)
✔ queue enqueue is idempotent and canonical JSON ignores object key order (234.249443ms)
✔ queue claims by priority and completes only with a valid lease (203.906305ms)
✔ expired leases are retried and then dead-lettered at max attempts (129.713353ms)
✔ retry delay and permanent failure are persisted (119.522289ms)
✔ spaces isolate entities and preserve default ownership (140.777627ms)
✔ audience snapshots build one-per-member and aggregate document plans (124.286375ms)
✔ cross-space members are rejected before group or snapshot mutation (78.616649ms)
✔ space actor memberships are versioned and scoped (73.19974ms)
✔ property codecs validate values and create typed projections (2.836419ms)
✔ content-addressed object storage is immutable and deduplicated (12.588837ms)
ℹ tests 20
ℹ suites 0
ℹ pass 20
ℹ fail 0
ℹ cancelled 0
ℹ skipped 0
ℹ todo 0
ℹ duration_ms 1426.917035

> @docomator/document-intake@0.1.0-alpha.0 test
> node --test dist/*.test.js

✔ accepts a minimal DOCX package and inventories its parts (19.295684ms)
✔ reports external relationships without loading them (4.489338ms)
✔ rejects macro-enabled package content (3.023788ms)
✔ returns a compatibility rejection when a required OOXML part is missing (6.206933ms)
✔ rejects path traversal and duplicate package parts (3.571233ms)
✔ rejects encrypted parts and symbolic links (2.793986ms)
✔ enforces part count and compression ratio limits (5.847959ms)
✔ rejects unsupported extensions and invalid ZIP signatures with Russian messages (0.399094ms)
ℹ tests 8
ℹ suites 0
ℹ pass 8
ℹ fail 0
ℹ cancelled 0
ℹ skipped 0
ℹ todo 0
ℹ duration_ms 110.122596

> @docomator/api@0.1.0-alpha.0 test
> node --test dist/*.test.js

✔ health endpoint reports the API service (199.198807ms)
✔ readiness stays degraded before migrations create the database (102.370054ms)
✔ document intake API returns a Russian compatibility report (293.230115ms)
✔ document intake API reports macros as a blocked compatibility result (106.110014ms)
✔ document intake API rejects malformed binary data with a clear Russian error (71.406033ms)
✔ document intake API requires a file name (62.215396ms)
✔ knowledge API creates typed data with outbox and audit (358.06248ms)
✔ knowledge API returns stable validation and conflict errors (193.378211ms)
✔ valid correlation and actor identifiers are preserved (2.439363ms)
✔ unsafe context headers are replaced with the internal request ID (0.227357ms)
✔ spaces API isolates entities and creates aggregate target plan (321.559667ms)
✔ spaces API rejects cross-space group membership (166.965008ms)
✔ UI shell is served locally with security headers (204.157404ms)
✔ UI assets are served without external runtime dependencies (75.065013ms)
✔ domain validation messages are translated into clear Russian text (1.590897ms)
✔ database errors do not expose raw English diagnostics (0.548721ms)
✔ already Russian messages are preserved (0.164542ms)
✔ unknown diagnostics are replaced with a safe Russian fallback (1.455195ms)
ℹ tests 18
ℹ suites 0
ℹ pass 18
ℹ fail 0
ℹ cancelled 0
ℹ skipped 0
ℹ todo 0
ℹ duration_ms 1208.979

> @docomator/worker@0.1.0-alpha.0 test
> node --test dist/*.test.js

✔ worker loop stops after abort (3.769677ms)
✔ processor completes a registered job (77.08495ms)
✔ processor retries transient errors with deterministic backoff (73.285838ms)
✔ unknown or permanent jobs are dead-lettered without repeated execution (76.199317ms)
ℹ tests 4
ℹ suites 0
ℹ pass 4
ℹ fail 0
ℹ cancelled 0
ℹ skipped 0
ℹ todo 0
ℹ duration_ms 307.761659
✔ backup is verifiable and restore replaces database, objects, and config (63.806508ms)
✔ verification detects modified backup files (13.526184ms)
✔ bootstrap migration is repeatable (110.960969ms)
ℹ tests 3
ℹ suites 0
ℹ pass 3
ℹ fail 0
ℹ cancelled 0
ℹ skipped 0
ℹ todo 0
ℹ duration_ms 173.586961

> docomator@0.1.0-alpha.0 check:docs
> node scripts/ci/check-doc-links.mjs

Checked 24 Markdown files.

> docomator@0.1.0-alpha.0 check:shell
> bash scripts/ci/validate-shell.sh

Validated 11 shell scripts.

> docomator@0.1.0-alpha.0 check:ui
> node --check apps/api/ui/app.js && node --check apps/api/ui/document-intake.js


> docomator@0.1.0-alpha.0 check:language
> node scripts/ci/check-user-facing-language.mjs

Пользовательские тексты прошли проверку русской терминологии.
